Started GET "/" for 127.0.0.1 at 2018-04-22 00:28:00 -0700
Processing by Rails::WelcomeController#index as HTML
  Rendering /Users/zhangyunjie/.rvm/rubies/ruby-2.4.1/lib/ruby/gems/2.4.0/gems/railties-5.2.0/lib/rails/templates/rails/welcome/index.html.erb
  Rendered /Users/zhangyunjie/.rvm/rubies/ruby-2.4.1/lib/ruby/gems/2.4.0/gems/railties-5.2.0/lib/rails/templates/rails/welcome/index.html.erb (12.4ms)
Completed 200 OK in 58ms (Views: 36.1ms | ActiveRecord: 0.0ms)


Started GET "/" for 127.0.0.1 at 2018-04-22 01:25:45 -0700
Processing by Rails::WelcomeController#index as HTML
  Rendering /Users/zhangyunjie/.rvm/rubies/ruby-2.4.1/lib/ruby/gems/2.4.0/gems/railties-5.2.0/lib/rails/templates/rails/welcome/index.html.erb
  Rendered /Users/zhangyunjie/.rvm/rubies/ruby-2.4.1/lib/ruby/gems/2.4.0/gems/railties-5.2.0/lib/rails/templates/rails/welcome/index.html.erb (2.6ms)
Completed 200 OK in 11ms (Views: 6.7ms | ActiveRecord: 0.0ms)


Started GET "/" for 127.0.0.1 at 2018-04-22 01:25:47 -0700
Processing by Rails::WelcomeController#index as HTML
  Rendering /Users/zhangyunjie/.rvm/rubies/ruby-2.4.1/lib/ruby/gems/2.4.0/gems/railties-5.2.0/lib/rails/templates/rails/welcome/index.html.erb
  Rendered /Users/zhangyunjie/.rvm/rubies/ruby-2.4.1/lib/ruby/gems/2.4.0/gems/railties-5.2.0/lib/rails/templates/rails/welcome/index.html.erb (2.1ms)
Completed 200 OK in 9ms (Views: 5.8ms | ActiveRecord: 0.0ms)


Started GET "/" for 127.0.0.1 at 2018-04-22 01:26:15 -0700
Processing by Rails::WelcomeController#index as HTML
  Rendering /Users/zhangyunjie/.rvm/rubies/ruby-2.4.1/lib/ruby/gems/2.4.0/gems/railties-5.2.0/lib/rails/templates/rails/welcome/index.html.erb
  Rendered /Users/zhangyunjie/.rvm/rubies/ruby-2.4.1/lib/ruby/gems/2.4.0/gems/railties-5.2.0/lib/rails/templates/rails/welcome/index.html.erb (2.6ms)
Completed 200 OK in 19ms (Views: 8.1ms | ActiveRecord: 0.0ms)


Started GET "/" for 127.0.0.1 at 2018-04-22 01:33:05 -0700
Processing by Rails::WelcomeController#index as HTML
  Rendering /Users/zhangyunjie/.rvm/rubies/ruby-2.4.1/lib/ruby/gems/2.4.0/gems/railties-5.2.0/lib/rails/templates/rails/welcome/index.html.erb
  Rendered /Users/zhangyunjie/.rvm/rubies/ruby-2.4.1/lib/ruby/gems/2.4.0/gems/railties-5.2.0/lib/rails/templates/rails/welcome/index.html.erb (2.8ms)
Completed 200 OK in 20ms (Views: 8.3ms | ActiveRecord: 0.0ms)


Started GET "/" for 127.0.0.1 at 2018-04-22 01:33:07 -0700
Processing by Rails::WelcomeController#index as HTML
  Rendering /Users/zhangyunjie/.rvm/rubies/ruby-2.4.1/lib/ruby/gems/2.4.0/gems/railties-5.2.0/lib/rails/templates/rails/welcome/index.html.erb
  Rendered /Users/zhangyunjie/.rvm/rubies/ruby-2.4.1/lib/ruby/gems/2.4.0/gems/railties-5.2.0/lib/rails/templates/rails/welcome/index.html.erb (2.2ms)
Completed 200 OK in 10ms (Views: 6.3ms | ActiveRecord: 0.0ms)


Started GET "/" for 127.0.0.1 at 2018-04-22 01:36:53 -0700
Processing by Rails::WelcomeController#index as HTML
  Rendering /Users/zhangyunjie/.rvm/rubies/ruby-2.4.1/lib/ruby/gems/2.4.0/gems/railties-5.2.0/lib/rails/templates/rails/welcome/index.html.erb
  Rendered /Users/zhangyunjie/.rvm/rubies/ruby-2.4.1/lib/ruby/gems/2.4.0/gems/railties-5.2.0/lib/rails/templates/rails/welcome/index.html.erb (2.7ms)
Completed 200 OK in 25ms (Views: 12.8ms | ActiveRecord: 0.0ms)


Started GET "/" for 127.0.0.1 at 2018-04-22 01:36:57 -0700
Processing by Rails::WelcomeController#index as HTML
  Rendering /Users/zhangyunjie/.rvm/rubies/ruby-2.4.1/lib/ruby/gems/2.4.0/gems/railties-5.2.0/lib/rails/templates/rails/welcome/index.html.erb
  Rendered /Users/zhangyunjie/.rvm/rubies/ruby-2.4.1/lib/ruby/gems/2.4.0/gems/railties-5.2.0/lib/rails/templates/rails/welcome/index.html.erb (2.3ms)
Completed 200 OK in 10ms (Views: 6.2ms | ActiveRecord: 0.0ms)


Started GET "/" for 127.0.0.1 at 2018-04-22 01:44:46 -0700
Processing by Rails::WelcomeController#index as HTML
  Rendering /Users/zhangyunjie/.rvm/rubies/ruby-2.4.1/lib/ruby/gems/2.4.0/gems/railties-5.2.0/lib/rails/templates/rails/welcome/index.html.erb
  Rendered /Users/zhangyunjie/.rvm/rubies/ruby-2.4.1/lib/ruby/gems/2.4.0/gems/railties-5.2.0/lib/rails/templates/rails/welcome/index.html.erb (2.4ms)
Completed 200 OK in 10ms (Views: 6.0ms | ActiveRecord: 0.0ms)


Started GET "/" for 127.0.0.1 at 2018-04-22 11:50:16 -0700
Processing by PostsController#index as HTML
  Rendering posts/index.html.erb within layouts/application
  Rendered posts/index.html.erb within layouts/application (1.2ms)
Completed 200 OK in 991ms (Views: 875.2ms | ActiveRecord: 0.0ms)


Started GET "/posts" for 127.0.0.1 at 2018-04-22 11:50:23 -0700
Processing by PostsController#index as HTML
  Rendering posts/index.html.erb within layouts/application
  Rendered posts/index.html.erb within layouts/application (0.7ms)
Completed 200 OK in 24ms (Views: 20.9ms | ActiveRecord: 0.0ms)


Started GET "/posts" for 127.0.0.1 at 2018-04-22 11:50:26 -0700
Processing by PostsController#index as HTML
  Rendering posts/index.html.erb within layouts/application
  Rendered posts/index.html.erb within layouts/application (0.4ms)
Completed 200 OK in 28ms (Views: 24.4ms | ActiveRecord: 0.0ms)


Started GET "/posts" for 127.0.0.1 at 2018-04-22 11:50:28 -0700
Processing by PostsController#index as HTML
  Rendering posts/index.html.erb within layouts/application
  Rendered posts/index.html.erb within layouts/application (0.4ms)
Completed 200 OK in 26ms (Views: 23.0ms | ActiveRecord: 0.0ms)


Started GET "/posts" for 127.0.0.1 at 2018-04-22 11:50:30 -0700
Processing by PostsController#index as HTML
  Rendering posts/index.html.erb within layouts/application
  Rendered posts/index.html.erb within layouts/application (0.4ms)
Completed 200 OK in 24ms (Views: 20.9ms | ActiveRecord: 0.0ms)


Started GET "/" for 127.0.0.1 at 2018-04-22 11:50:35 -0700
Processing by PostsController#index as HTML
  Rendering posts/index.html.erb within layouts/application
  Rendered posts/index.html.erb within layouts/application (0.4ms)
Completed 200 OK in 26ms (Views: 22.5ms | ActiveRecord: 0.0ms)


Started GET "/" for 127.0.0.1 at 2018-04-22 14:45:33 -0700
Processing by PostsController#index as HTML
  Rendering posts/index.html.erb within layouts/application
  Rendered posts/index.html.erb within layouts/application (0.7ms)
Completed 200 OK in 252ms (Views: 242.0ms | ActiveRecord: 0.0ms)


  [1m[35m (0.1ms)[0m  [1m[34mSELECT sqlite_version(*)[0m
  ↳ /Users/zhangyunjie/.rvm/gems/ruby-2.4.1/gems/rake-12.3.1/lib/rake/task.rb:271
  [1m[35m (1.5ms)[0m  [1m[35mCREATE TABLE "schema_migrations" ("version" varchar NOT NULL PRIMARY KEY)[0m
  ↳ /Users/zhangyunjie/.rvm/gems/ruby-2.4.1/gems/rake-12.3.1/lib/rake/task.rb:271
  [1m[35m (1.7ms)[0m  [1m[35mCREATE TABLE "ar_internal_metadata" ("key" varchar NOT NULL PRIMARY KEY, "value" varchar, "created_at" datetime NOT NULL, "updated_at" datetime NOT NULL)[0m
  ↳ /Users/zhangyunjie/.rvm/gems/ruby-2.4.1/gems/rake-12.3.1/lib/rake/task.rb:271
  [1m[35m (0.3ms)[0m  [1m[34mSELECT "schema_migrations"."version" FROM "schema_migrations" ORDER BY "schema_migrations"."version" ASC[0m
  ↳ /Users/zhangyunjie/.rvm/gems/ruby-2.4.1/gems/rake-12.3.1/lib/rake/task.rb:271
Migrating to CreatePosts (20180422214838)
  [1m[35m (0.1ms)[0m  [1m[36mbegin transaction[0m
  ↳ /Users/zhangyunjie/.rvm/gems/ruby-2.4.1/gems/rake-12.3.1/lib/rake/task.rb:271
  [1m[35m (0.5ms)[0m  [1m[35mCREATE TABLE "posts" ("id" integer PRIMARY KEY AUTOINCREMENT NOT NULL, "title" varchar, "content" text, "created_at" datetime NOT NULL, "updated_at" datetime NOT NULL)[0m
  ↳ db/migrate/20180422214838_create_posts.rb:3
  [1m[36mActiveRecord::SchemaMigration Create (0.3ms)[0m  [1m[32mINSERT INTO "schema_migrations" ("version") VALUES (?)[0m  [["version", "20180422214838"]]
  ↳ /Users/zhangyunjie/.rvm/gems/ruby-2.4.1/gems/rake-12.3.1/lib/rake/task.rb:271
  [1m[35m (1.4ms)[0m  [1m[36mcommit transaction[0m
  ↳ /Users/zhangyunjie/.rvm/gems/ruby-2.4.1/gems/rake-12.3.1/lib/rake/task.rb:271
  [1m[36mActiveRecord::InternalMetadata Load (0.2ms)[0m  [1m[34mSELECT  "ar_internal_metadata".* FROM "ar_internal_metadata" WHERE "ar_internal_metadata"."key" = ? LIMIT ?[0m  [["key", "environment"], ["LIMIT", 1]]
  ↳ /Users/zhangyunjie/.rvm/gems/ruby-2.4.1/gems/rake-12.3.1/lib/rake/task.rb:271
  [1m[35m (0.1ms)[0m  [1m[36mbegin transaction[0m
  ↳ /Users/zhangyunjie/.rvm/gems/ruby-2.4.1/gems/rake-12.3.1/lib/rake/task.rb:271
  [1m[36mActiveRecord::InternalMetadata Create (0.3ms)[0m  [1m[32mINSERT INTO "ar_internal_metadata" ("key", "value", "created_at", "updated_at") VALUES (?, ?, ?, ?)[0m  [["key", "environment"], ["value", "development"], ["created_at", "2018-04-22 21:50:32.856061"], ["updated_at", "2018-04-22 21:50:32.856061"]]
  ↳ /Users/zhangyunjie/.rvm/gems/ruby-2.4.1/gems/rake-12.3.1/lib/rake/task.rb:271
  [1m[35m (0.8ms)[0m  [1m[36mcommit transaction[0m
  ↳ /Users/zhangyunjie/.rvm/gems/ruby-2.4.1/gems/rake-12.3.1/lib/rake/task.rb:271
  [1m[35m (0.1ms)[0m  [1m[34mSELECT "schema_migrations"."version" FROM "schema_migrations" ORDER BY "schema_migrations"."version" ASC[0m
  ↳ /Users/zhangyunjie/.rvm/gems/ruby-2.4.1/gems/rake-12.3.1/lib/rake/task.rb:271
Started GET "/" for 127.0.0.1 at 2018-04-23 01:56:45 -0700
  [1m[35m (0.1ms)[0m  [1m[34mSELECT "schema_migrations"."version" FROM "schema_migrations" ORDER BY "schema_migrations"."version" ASC[0m
  ↳ /Users/ruijiezhou/.rvm/gems/ruby-2.4.1/gems/activerecord-5.2.0/lib/active_record/log_subscriber.rb:98
Processing by PostsController#index as HTML
  Rendering posts/index.html.erb within layouts/application
  Rendered posts/index.html.erb within layouts/application (1.5ms)
Completed 200 OK in 315ms (Views: 304.0ms | ActiveRecord: 0.0ms)


Started GET "/" for 127.0.0.1 at 2018-04-23 01:57:05 -0700
Processing by PostsController#index as HTML
  Rendering posts/index.html.erb within layouts/application
  Rendered posts/index.html.erb within layouts/application (0.3ms)
Completed 200 OK in 32ms (Views: 29.3ms | ActiveRecord: 0.0ms)


Started GET "/" for 127.0.0.1 at 2018-04-23 01:57:10 -0700
Processing by PostsController#index as HTML
  Rendering posts/index.html.erb within layouts/application
  Rendered posts/index.html.erb within layouts/application (0.3ms)
Completed 200 OK in 30ms (Views: 27.1ms | ActiveRecord: 0.0ms)


Started GET "/" for 127.0.0.1 at 2018-04-23 01:57:16 -0700
Processing by PostsController#index as HTML
  Rendering posts/index.html.erb within layouts/application
  Rendered posts/index.html.erb within layouts/application (0.7ms)
Completed 200 OK in 61ms (Views: 57.8ms | ActiveRecord: 0.0ms)


